# JRE version: OpenJDK Runtime Environment (17.0.6) (build 17.0.6+0-b2043.56-10027231)
# Java VM: OpenJDK 64-Bit Server VM (17.0.6+0-b2043.56-10027231, mixed mode, tiered, compressed oops, compressed class ptrs, g1 gc, windows-amd64)
GC Precious Log:
 CPUs: 4 total, 4 available
 Memory: 7991M
 Large Page Support: Disabled
 NUMA Support: Disabled
 Compressed Oops: Enabled (32-bit)
 Heap Region Size: 1M
 Heap Min Capacity: 8M
 Heap Initial Capacity: 126M
 Heap Max Capacity: 2G
 Pre-touch: Disabled
 Parallel Workers: 4
 Concurrent Workers: 1
 Concurrent Refinement Workers: 4
 Periodic GC: Disabled
Heap:
 garbage-first heap   total 152576K, used 89766K [0x0000000080000000, 0x0000000100000000)
  region size 1024K, 1 young (1024K), 1 survivors (1024K)
 Metaspace       used 97610K, committed 98304K, reserved 1138688K
  class space    used 13195K, committed 13504K, reserved 1048576K
GC Heap History (20 events):
Event: 18.607 GC heap after
{Heap after GC invocations=36 (full 0):
 garbage-first heap   total 116736K, used 66180K [0x0000000080000000, 0x0000000100000000)
  region size 1024K, 5 young (5120K), 5 survivors (5120K)
 Metaspace       used 76990K, committed 77504K, reserved 1122304K
  class space    used 10198K, committed 10432K, reserved 1048576K
}
Event: 19.049 GC heap before
{Heap before GC invocations=37 (full 0):
 garbage-first heap   total 119808K, used 92804K [0x0000000080000000, 0x0000000100000000)
  region size 1024K, 31 young (31744K), 5 survivors (5120K)
 Metaspace       used 78551K, committed 79168K, reserved 1122304K
  class space    used 10396K, committed 10688K, reserved 1048576K
}
Event: 19.058 GC heap after
{Heap after GC invocations=38 (full 0):
 garbage-first heap   total 119808K, used 67629K [0x0000000080000000, 0x0000000100000000)
  region size 1024K, 2 young (2048K), 2 survivors (2048K)
 Metaspace       used 78551K, committed 79168K, reserved 1122304K
  class space    used 10396K, committed 10688K, reserved 1048576K
}
Event: 19.189 GC heap before
{Heap before GC invocations=38 (full 0):
 garbage-first heap   total 119808K, used 76845K [0x0000000080000000, 0x0000000100000000)
  region size 1024K, 13 young (13312K), 2 survivors (2048K)
 Metaspace       used 79602K, committed 80192K, reserved 1122304K
  class space    used 10547K, committed 10816K, reserved 1048576K
}
Event: 19.193 GC heap after
{Heap after GC invocations=39 (full 0):
 garbage-first heap   total 144384K, used 68347K [0x0000000080000000, 0x0000000100000000)
  region size 1024K, 3 young (3072K), 3 survivors (3072K)
 Metaspace       used 79602K, committed 80192K, reserved 1122304K
  class space    used 10547K, committed 10816K, reserved 1048576K
}
Event: 19.971 GC heap before
{Heap before GC invocations=40 (full 0):
 garbage-first heap   total 144384K, used 112379K [0x0000000080000000, 0x0000000100000000)
  region size 1024K, 45 young (46080K), 3 survivors (3072K)
 Metaspace       used 84455K, committed 85056K, reserved 1122304K
  class space    used 11421K, committed 11712K, reserved 1048576K
}
Event: 19.977 GC heap after
{Heap after GC invocations=41 (full 0):
 garbage-first heap   total 144384K, used 70277K [0x0000000080000000, 0x0000000100000000)
  region size 1024K, 5 young (5120K), 5 survivors (5120K)
 Metaspace       used 84455K, committed 85056K, reserved 1122304K
  class space    used 11421K, committed 11712K, reserved 1048576K
}
Event: 20.007 GC heap before
{Heap before GC invocations=41 (full 0):
 garbage-first heap   total 144384K, used 72325K [0x0000000080000000, 0x0000000100000000)
  region size 1024K, 7 young (7168K), 5 survivors (5120K)
 Metaspace       used 84691K, committed 85376K, reserved 1130496K
  class space    used 11451K, committed 11776K, reserved 1048576K
}
Event: 20.013 GC heap after
{Heap after GC invocations=42 (full 0):
 garbage-first heap   total 144384K, used 70560K [0x0000000080000000, 0x0000000100000000)
  region size 1024K, 1 young (1024K), 1 survivors (1024K)
 Metaspace       used 84691K, committed 85376K, reserved 1130496K
  class space    used 11451K, committed 11776K, reserved 1048576K
}
Event: 20.768 GC heap before
{Heap before GC invocations=42 (full 0):
 garbage-first heap   total 144384K, used 114592K [0x0000000080000000, 0x0000000100000000)
  region size 1024K, 44 young (45056K), 1 survivors (1024K)
 Metaspace       used 88822K, committed 89472K, reserved 1130496K
  class space    used 12046K, committed 12352K, reserved 1048576K
}
Event: 20.774 GC heap after
{Heap after GC invocations=43 (full 0):
 garbage-first heap   total 144384K, used 73810K [0x0000000080000000, 0x0000000100000000)
  region size 1024K, 4 young (4096K), 4 survivors (4096K)
 Metaspace       used 88822K, committed 89472K, reserved 1130496K
  class space    used 12046K, committed 12352K, reserved 1048576K
}
Event: 21.447 GC heap before
{Heap before GC invocations=44 (full 0):
 garbage-first heap   total 144384K, used 115794K [0x0000000080000000, 0x0000000100000000)
  region size 1024K, 45 young (46080K), 4 survivors (4096K)
 Metaspace       used 94122K, committed 94784K, reserved 1138688K
  class space    used 12798K, committed 13120K, reserved 1048576K
}
Event: 21.455 GC heap after
{Heap after GC invocations=45 (full 0):
 garbage-first heap   total 144384K, used 77365K [0x0000000080000000, 0x0000000100000000)
  region size 1024K, 4 young (4096K), 4 survivors (4096K)
 Metaspace       used 94122K, committed 94784K, reserved 1138688K
  class space    used 12798K, committed 13120K, reserved 1048576K
}
Event: 21.499 GC heap before
{Heap before GC invocations=45 (full 0):
 garbage-first heap   total 144384K, used 80437K [0x0000000080000000, 0x0000000100000000)
  region size 1024K, 7 young (7168K), 4 survivors (4096K)
 Metaspace       used 94276K, committed 94848K, reserved 1138688K
  class space    used 12818K, committed 13120K, reserved 1048576K
}
Event: 21.505 GC heap after
{Heap after GC invocations=46 (full 0):
 garbage-first heap   total 144384K, used 77244K [0x0000000080000000, 0x0000000100000000)
  region size 1024K, 1 young (1024K), 1 survivors (1024K)
 Metaspace       used 94276K, committed 94848K, reserved 1138688K
  class space    used 12818K, committed 13120K, reserved 1048576K
}
Event: 21.944 GC heap before
{Heap before GC invocations=46 (full 0):
 garbage-first heap   total 144384K, used 117180K [0x0000000080000000, 0x0000000100000000)
  region size 1024K, 40 young (40960K), 1 survivors (1024K)
 Metaspace       used 95269K, committed 95872K, reserved 1138688K
  class space    used 12952K, committed 13248K, reserved 1048576K
}
Event: 21.954 GC heap after
{Heap after GC invocations=47 (full 0):
 garbage-first heap   total 144384K, used 82585K [0x0000000080000000, 0x0000000100000000)
  region size 1024K, 5 young (5120K), 5 survivors (5120K)
 Metaspace       used 95269K, committed 95872K, reserved 1138688K
  class space    used 12952K, committed 13248K, reserved 1048576K
}
Event: 22.549 GC heap before
{Heap before GC invocations=48 (full 0):
 garbage-first heap   total 152576K, used 117401K [0x0000000080000000, 0x0000000100000000)
  region size 1024K, 39 young (39936K), 5 survivors (5120K)
 Metaspace       used 97311K, committed 97984K, reserved 1138688K
  class space    used 13131K, committed 13440K, reserved 1048576K
}
Event: 22.561 GC heap after
{Heap after GC invocations=49 (full 0):
 garbage-first heap   total 152576K, used 88795K [0x0000000080000000, 0x0000000100000000)
  region size 1024K, 5 young (5120K), 5 survivors (5120K)
 Metaspace       used 97311K, committed 97984K, reserved 1138688K
  class space    used 13131K, committed 13440K, reserved 1048576K
}
Event: 22.625 GC heap before
{Heap before GC invocations=49 (full 0):
 garbage-first heap   total 152576K, used 89819K [0x0000000080000000, 0x0000000100000000)
  region size 1024K, 7 young (7168K), 5 survivors (5120K)
 Metaspace       used 97610K, committed 98304K, reserved 1138688K
  class space    used 13195K, committed 13504K, reserved 1048576K
}

